{
  "stats": {
    "suites": 1,
    "tests": 1,
    "passes": 1,
    "pending": 0,
    "failures": 0,
    "start": "2019-12-28T21:46:34.742Z",
    "end": "2019-12-28T21:46:54.088Z",
    "duration": 19346,
    "testsRegistered": 1,
    "passPercent": 100,
    "pendingPercent": 0,
    "other": 0,
    "hasOther": false,
    "skipped": 0,
    "hasSkipped": false
  },
  "results": [
    {
      "uuid": "11df39bf-9bfe-4be0-9a40-e92d7f257f06",
      "title": "",
      "fullFile": "",
      "file": "",
      "beforeHooks": [],
      "afterHooks": [],
      "tests": [],
      "suites": [
        {
          "uuid": "8dfc992b-a74c-4e93-8f83-903c2f914811",
          "title": "Place Order",
          "fullFile": "",
          "file": "",
          "beforeHooks": [],
          "afterHooks": [],
          "tests": [
            {
              "title": "Place Order by selecting couple of products",
              "fullTitle": "Place Order Place Order by selecting couple of products",
              "timedOut": null,
              "duration": 13098,
              "state": "passed",
              "speed": "slow",
              "pass": true,
              "fail": false,
              "pending": false,
              "context": null,
              "code": "cy.visit(\"https://rahulshettyacademy.com/seleniumPractise/#/\");\ncy.get(\"input.search-keyword\").type(\"ca\");\ncy.wait(2000); //select couple of products\ncy.get('div.products').find(\"div.product\").each(function (el, index, $list) {\n  var vegName = el.find(\".product-name\").text();\n  cy.log(vegName);\n  if (vegName.includes('Cauliflower')) {\n    //This is to change the value with in a text box\n    //cy.log(el.find(\".quantity\").val(2));\n    el.find(\"div.stepper-input\").find(\".increment\")[0].click();\n    el.find('button[type=\"button\"]').click();\n  }\n});\ncy.get(\"img[src ='./images/bag.png']\").click();\ncy.contains(\"PROCEED TO CHECKOUT\").click();",
              "err": {},
              "uuid": "dc3ae97f-6e07-479d-b95e-7683318a4d27",
              "parentUUID": "8dfc992b-a74c-4e93-8f83-903c2f914811",
              "isHook": false,
              "skipped": false
            }
          ],
          "suites": [],
          "passes": [
            "dc3ae97f-6e07-479d-b95e-7683318a4d27"
          ],
          "failures": [],
          "pending": [],
          "skipped": [],
          "duration": 13098,
          "root": false,
          "rootEmpty": false,
          "_timeout": 2000
        }
      ],
      "passes": [],
      "failures": [],
      "pending": [],
      "skipped": [],
      "duration": 0,
      "root": true,
      "rootEmpty": true,
      "_timeout": 2000
    }
  ],
  "meta": {
    "mocha": {
      "version": "5.2.0"
    },
    "mochawesome": {
      "options": {
        "quiet": false,
        "reportFilename": "mochawesome",
        "saveHtml": true,
        "saveJson": true,
        "consoleReporter": "spec",
        "useInlineDiffs": false
      },
      "version": "4.1.0"
    },
    "marge": {
      "options": {},
      "version": "4.1.0"
    }
  }
}