{
  "stats": {
    "suites": 1,
    "tests": 1,
    "passes": 1,
    "pending": 0,
    "failures": 0,
    "start": "2019-12-26T19:17:26.585Z",
    "end": "2019-12-26T19:17:46.686Z",
    "duration": 20101,
    "testsRegistered": 1,
    "passPercent": 100,
    "pendingPercent": 0,
    "other": 0,
    "hasOther": false,
    "skipped": 0,
    "hasSkipped": false
  },
  "results": [
    {
      "uuid": "a661c157-2794-43a5-89e9-50cf083a5739",
      "title": "",
      "fullFile": "",
      "file": "",
      "beforeHooks": [],
      "afterHooks": [],
      "tests": [],
      "suites": [
        {
          "uuid": "fc581ad0-16c8-4b3c-b44b-36af706abb3a",
          "title": "How we can interact with Web Elements",
          "fullFile": "",
          "file": "",
          "beforeHooks": [],
          "afterHooks": [],
          "tests": [
            {
              "title": "Handling Child tab w/o removeAttr",
              "fullTitle": "How we can interact with Web Elements Handling Child tab w/o removeAttr",
              "timedOut": null,
              "duration": 15368,
              "state": "passed",
              "speed": "slow",
              "pass": true,
              "fail": false,
              "pending": false,
              "context": null,
              "code": "cy.visit(\"http://qaclickacademy.com/practice.php/\"); //  cy.get(\"#opentab\").then(function(el){\n//      var url = el.prop(\"href\");\n//      cy.log(url);\n//      cy.visit(url);\n//  });\ncy.get(\"#opentab\").invoke('removeAttr', 'target').click();",
              "err": {},
              "uuid": "917394d6-eb7b-4512-9c32-cb70e0e4671b",
              "parentUUID": "fc581ad0-16c8-4b3c-b44b-36af706abb3a",
              "isHook": false,
              "skipped": false
            }
          ],
          "suites": [],
          "passes": [
            "917394d6-eb7b-4512-9c32-cb70e0e4671b"
          ],
          "failures": [],
          "pending": [],
          "skipped": [],
          "duration": 15368,
          "root": false,
          "rootEmpty": false,
          "_timeout": 2000
        }
      ],
      "passes": [],
      "failures": [],
      "pending": [],
      "skipped": [],
      "duration": 0,
      "root": true,
      "rootEmpty": true,
      "_timeout": 2000
    }
  ],
  "meta": {
    "mocha": {
      "version": "5.2.0"
    },
    "mochawesome": {
      "options": {
        "quiet": false,
        "reportFilename": "mochawesome",
        "saveHtml": true,
        "saveJson": true,
        "consoleReporter": "spec",
        "useInlineDiffs": false
      },
      "version": "4.1.0"
    },
    "marge": {
      "options": {},
      "version": "4.1.0"
    }
  }
}