{
  "stats": {
    "suites": 1,
    "tests": 1,
    "passes": 1,
    "pending": 0,
    "failures": 0,
    "start": "2019-12-28T21:47:09.530Z",
    "end": "2019-12-28T21:47:36.851Z",
    "duration": 27321,
    "testsRegistered": 1,
    "passPercent": 100,
    "pendingPercent": 0,
    "other": 0,
    "hasOther": false,
    "skipped": 0,
    "hasSkipped": false
  },
  "results": [
    {
      "uuid": "99ac44ba-ef0e-47e0-8889-b2b65856b046",
      "title": "",
      "fullFile": "",
      "file": "",
      "beforeHooks": [],
      "afterHooks": [],
      "tests": [],
      "suites": [
        {
          "uuid": "ec9f0c54-97ce-4224-a5a8-c6e44574d7b9",
          "title": "How we can interact with Web Elements",
          "fullFile": "",
          "file": "",
          "beforeHooks": [],
          "afterHooks": [],
          "tests": [
            {
              "title": "Handling Child tab w/o removeAttr",
              "fullTitle": "How we can interact with Web Elements Handling Child tab w/o removeAttr",
              "timedOut": null,
              "duration": 21110,
              "state": "passed",
              "speed": "slow",
              "pass": true,
              "fail": false,
              "pending": false,
              "context": null,
              "code": "cy.visit(\"http://qaclickacademy.com/practice.php/\"); //  cy.get(\"#opentab\").then(function(el){\n//      var url = el.prop(\"href\");\n//      cy.log(url);\n//      cy.visit(url);\n//  });\ncy.get(\"#opentab\").invoke('removeAttr', 'target').click();",
              "err": {},
              "uuid": "7b0ccfba-e410-4261-b12e-eeee04cc1be7",
              "parentUUID": "ec9f0c54-97ce-4224-a5a8-c6e44574d7b9",
              "isHook": false,
              "skipped": false
            }
          ],
          "suites": [],
          "passes": [
            "7b0ccfba-e410-4261-b12e-eeee04cc1be7"
          ],
          "failures": [],
          "pending": [],
          "skipped": [],
          "duration": 21110,
          "root": false,
          "rootEmpty": false,
          "_timeout": 2000
        }
      ],
      "passes": [],
      "failures": [],
      "pending": [],
      "skipped": [],
      "duration": 0,
      "root": true,
      "rootEmpty": true,
      "_timeout": 2000
    }
  ],
  "meta": {
    "mocha": {
      "version": "5.2.0"
    },
    "mochawesome": {
      "options": {
        "quiet": false,
        "reportFilename": "mochawesome",
        "saveHtml": true,
        "saveJson": true,
        "consoleReporter": "spec",
        "useInlineDiffs": false
      },
      "version": "4.1.0"
    },
    "marge": {
      "options": {},
      "version": "4.1.0"
    }
  }
}